<?xml version="1.0" encoding="UTF-8"?>
<!-- Generated by org.testng.reporters.JUnitReportReporter -->
<testsuite skipped="0" hostname="DESKTOP-FPRE7MI" name="com.huawei.sdn.api.RestAPIJsonParser2" tests="1" failures="0" timestamp="18 六月 2017 09:59:34 GMT" time="0.247" errors="0">
  <testcase name="f" time="0.247" classname="com.huawei.sdn.api.RestAPIJsonParser2"/>
</testsuite> <!-- com.huawei.sdn.api.RestAPIJsonParser2 -->
